<?xml version="1.0" encoding="UTF-8"?>
<!-- Generated by org.testng.reporters.JUnitReportReporter -->
<testsuite hostname="Nehas-MacBook-Air.local" failures="0" tests="1" name="in.dotpe.merchant.tests.LoginTest" time="10.551" errors="0" timestamp="30 Jan 2024 09:48:48 GMT" skipped="0">
  <testcase classname="in.dotpe.merchant.tests.LoginTest" name="loginTest" time="10.551"/>
</testsuite> <!-- in.dotpe.merchant.tests.LoginTest -->
