<?xml version="1.0" encoding="UTF-8"?>
<!-- Generated by org.testng.reporters.JUnitReportReporter -->
<testsuite hostname="ip-192-168-11-146.ap-south-1.compute.internal" failures="0" tests="1" name="in.dotpe.merchant.tests.ScheduleCampaign" time="17.906" errors="0" timestamp="29 Jan 2024 09:05:21 GMT" skipped="0">
  <testcase classname="in.dotpe.merchant.tests.ScheduleCampaign" name="validate_Scheduling_a_Campaign" time="17.906"/>
</testsuite> <!-- in.dotpe.merchant.tests.ScheduleCampaign -->
