<?xml version="1.0" encoding="UTF-8"?>
<!-- Generated by org.testng.reporters.JUnitReportReporter -->
<testsuite hostname="Nehas-MacBook-Air.local" failures="0" tests="1" name="in.dotpe.merchant.tests.CreateCampaignTest" time="28.930" errors="0" timestamp="30 Jan 2024 09:46:47 GMT" skipped="0">
  <testcase classname="in.dotpe.merchant.tests.CreateCampaignTest" name="validateCreateNewCampaign" time="28.930"/>
</testsuite> <!-- in.dotpe.merchant.tests.CreateCampaignTest -->
