<?xml version="1.0" encoding="UTF-8"?>
<!-- Generated by org.testng.reporters.JUnitReportReporter -->
<testsuite hostname="ip-192-168-11-146.ap-south-1.compute.internal" failures="0" tests="1" name="in.dotpe.merchant.tests.SaveCampaignTest" time="17.851" errors="0" timestamp="29 Jan 2024 08:12:27 GMT" skipped="0">
  <testcase classname="in.dotpe.merchant.tests.SaveCampaignTest" name="validate_Saving_a_Campaign" time="17.851"/>
</testsuite> <!-- in.dotpe.merchant.tests.SaveCampaignTest -->
