<?xml version="1.0" encoding="UTF-8"?>
<!-- Generated by org.testng.reporters.JUnitReportReporter -->
<testsuite hostname="Nehas-MacBook-Air.local" failures="0" tests="1" name="in.dotpe.merchant.tests.CreateCampaign" time="34.586" errors="0" timestamp="12 Jan 2024 05:40:01 GMT" skipped="0">
  <testcase classname="in.dotpe.merchant.tests.CreateCampaign" name="CreateTestCampaign" time="34.586"/>
</testsuite> <!-- in.dotpe.merchant.tests.CreateCampaign -->
