<?xml version="1.0" encoding="UTF-8"?>
<!-- Generated by org.testng.reporters.JUnitReportReporter -->
<testsuite hostname="ip-192-168-11-146.ap-south-1.compute.internal" failures="0" tests="1" name="in.dotpe.merchant.tests.SendTestMsg" time="19.262" errors="0" timestamp="29 Jan 2024 08:32:12 GMT" skipped="0">
  <testcase classname="in.dotpe.merchant.tests.SendTestMsg" name="validate_Sending_a_Testmsg" time="19.262"/>
</testsuite> <!-- in.dotpe.merchant.tests.SendTestMsg -->
